2025-03-20T20:18:01.538-04:00  INFO 8508 --- [employee-management] [restartedMain] c.example.EmployeeManagementApplication  : Starting EmployeeManagementApplication using Java 17.0.12 with PID 8508 (C:\Users\52687\Desktop\N01617780-main\N01617780-main\employee-management\target\classes started by 52687 in C:\Users\52687\Desktop\N01617780-main\N01617780-main\employee-management)
2025-03-20T20:18:01.541-04:00  INFO 8508 --- [employee-management] [restartedMain] c.example.EmployeeManagementApplication  : No active profile set, falling back to 1 default profile: "default"
2025-03-20T20:18:01.579-04:00  INFO 8508 --- [employee-management] [restartedMain] .e.DevToolsPropertyDefaultsPostProcessor : Devtools property defaults active! Set 'spring.devtools.add-properties' to 'false' to disable
2025-03-20T20:18:01.579-04:00  INFO 8508 --- [employee-management] [restartedMain] .e.DevToolsPropertyDefaultsPostProcessor : For additional web related logging consider setting the 'logging.level.web' property to 'DEBUG'
2025-03-20T20:18:02.146-04:00  INFO 8508 --- [employee-management] [restartedMain] .s.d.r.c.RepositoryConfigurationDelegate : Bootstrapping Spring Data JPA repositories in DEFAULT mode.
2025-03-20T20:18:02.190-04:00  INFO 8508 --- [employee-management] [restartedMain] .s.d.r.c.RepositoryConfigurationDelegate : Finished Spring Data repository scanning in 35 ms. Found 1 JPA repository interface.
2025-03-20T20:18:02.641-04:00  INFO 8508 --- [employee-management] [restartedMain] o.s.b.w.embedded.tomcat.TomcatWebServer  : Tomcat initialized with port 8080 (http)
2025-03-20T20:18:02.652-04:00  INFO 8508 --- [employee-management] [restartedMain] o.apache.catalina.core.StandardService   : Starting service [Tomcat]
2025-03-20T20:18:02.652-04:00  INFO 8508 --- [employee-management] [restartedMain] o.apache.catalina.core.StandardEngine    : Starting Servlet engine: [Apache Tomcat/10.1.34]
2025-03-20T20:18:02.695-04:00  INFO 8508 --- [employee-management] [restartedMain] o.a.c.c.C.[Tomcat].[localhost].[/]       : Initializing Spring embedded WebApplicationContext
2025-03-20T20:18:02.695-04:00  INFO 8508 --- [employee-management] [restartedMain] w.s.c.ServletWebServerApplicationContext : Root WebApplicationContext: initialization completed in 1115 ms
2025-03-20T20:18:02.804-04:00  INFO 8508 --- [employee-management] [restartedMain] o.hibernate.jpa.internal.util.LogHelper  : HHH000204: Processing PersistenceUnitInfo [name: default]
2025-03-20T20:18:02.870-04:00  INFO 8508 --- [employee-management] [restartedMain] org.hibernate.Version                    : HHH000412: Hibernate ORM core version 6.6.5.Final
2025-03-20T20:18:02.902-04:00  INFO 8508 --- [employee-management] [restartedMain] o.h.c.internal.RegionFactoryInitiator    : HHH000026: Second-level cache disabled
2025-03-20T20:18:03.149-04:00  INFO 8508 --- [employee-management] [restartedMain] o.s.o.j.p.SpringPersistenceUnitInfo      : No LoadTimeWeaver setup: ignoring JPA class transformer
2025-03-20T20:18:03.177-04:00  INFO 8508 --- [employee-management] [restartedMain] com.zaxxer.hikari.HikariDataSource       : HikariPool-1 - Starting...
2025-03-20T20:18:03.326-04:00  INFO 8508 --- [employee-management] [restartedMain] com.zaxxer.hikari.pool.HikariPool        : HikariPool-1 - Added connection com.mysql.cj.jdbc.ConnectionImpl@4ef6d5ba
2025-03-20T20:18:03.327-04:00  INFO 8508 --- [employee-management] [restartedMain] com.zaxxer.hikari.HikariDataSource       : HikariPool-1 - Start completed.
2025-03-20T20:18:03.380-04:00  WARN 8508 --- [employee-management] [restartedMain] org.hibernate.orm.deprecation            : HHH90000025: MySQL8Dialect does not need to be specified explicitly using 'hibernate.dialect' (remove the property setting and it will be selected by default)
2025-03-20T20:18:03.381-04:00  WARN 8508 --- [employee-management] [restartedMain] org.hibernate.orm.deprecation            : HHH90000026: MySQL8Dialect has been deprecated; use org.hibernate.dialect.MySQLDialect instead
2025-03-20T20:18:03.397-04:00  INFO 8508 --- [employee-management] [restartedMain] org.hibernate.orm.connections.pooling    : HHH10001005: Database info:
	Database JDBC URL [Connecting through datasource 'HikariDataSource (HikariPool-1)']
	Database driver: undefined/unknown
	Database version: 8.0
	Autocommit mode: undefined/unknown
	Isolation level: undefined/unknown
	Minimum pool size: undefined/unknown
	Maximum pool size: undefined/unknown
2025-03-20T20:18:04.065-04:00  INFO 8508 --- [employee-management] [restartedMain] o.h.e.t.j.p.i.JtaPlatformInitiator       : HHH000489: No JTA platform available (set 'hibernate.transaction.jta.platform' to enable JTA platform integration)
2025-03-20T20:18:04.114-04:00  INFO 8508 --- [employee-management] [restartedMain] j.LocalContainerEntityManagerFactoryBean : Initialized JPA EntityManagerFactory for persistence unit 'default'
2025-03-20T20:18:04.300-04:00  WARN 8508 --- [employee-management] [restartedMain] JpaBaseConfiguration$JpaWebConfiguration : spring.jpa.open-in-view is enabled by default. Therefore, database queries may be performed during view rendering. Explicitly configure spring.jpa.open-in-view to disable this warning
2025-03-20T20:18:04.325-04:00  WARN 8508 --- [employee-management] [restartedMain] .s.s.UserDetailsServiceAutoConfiguration : 

Using generated security password: cf135fa6-dc67-41db-adda-5f30f7a1baab

This generated password is for development use only. Your security configuration must be updated before running your application in production.

2025-03-20T20:18:04.336-04:00  INFO 8508 --- [employee-management] [restartedMain] r$InitializeUserDetailsManagerConfigurer : Global AuthenticationManager configured with UserDetailsService bean with name inMemoryUserDetailsManager
2025-03-20T20:18:04.409-04:00  INFO 8508 --- [employee-management] [restartedMain] o.s.b.a.w.s.WelcomePageHandlerMapping    : Adding welcome page template: index
2025-03-20T20:18:04.735-04:00  INFO 8508 --- [employee-management] [restartedMain] o.s.b.d.a.OptionalLiveReloadServer       : LiveReload server is running on port 35729
2025-03-20T20:18:04.761-04:00  INFO 8508 --- [employee-management] [restartedMain] o.s.b.w.embedded.tomcat.TomcatWebServer  : Tomcat started on port 8080 (http) with context path '/'
2025-03-20T20:18:04.768-04:00  INFO 8508 --- [employee-management] [restartedMain] c.example.EmployeeManagementApplication  : Started EmployeeManagementApplication in 3.584 seconds (process running for 4.25)
2025-03-20T20:19:06.670-04:00  INFO 8508 --- [employee-management] [http-nio-8080-exec-1] o.a.c.c.C.[Tomcat].[localhost].[/]       : Initializing Spring DispatcherServlet 'dispatcherServlet'
2025-03-20T20:19:06.670-04:00  INFO 8508 --- [employee-management] [http-nio-8080-exec-1] o.s.web.servlet.DispatcherServlet        : Initializing Servlet 'dispatcherServlet'
2025-03-20T20:19:06.671-04:00  INFO 8508 --- [employee-management] [http-nio-8080-exec-1] o.s.web.servlet.DispatcherServlet        : Completed initialization in 1 ms
2025-03-20T20:19:40.846-04:00  INFO 8508 --- [employee-management] [SpringApplicationShutdownHook] o.s.b.w.e.tomcat.GracefulShutdown        : Commencing graceful shutdown. Waiting for active requests to complete
2025-03-20T20:19:41.047-04:00  INFO 8508 --- [employee-management] [tomcat-shutdown] o.s.b.w.e.tomcat.GracefulShutdown        : Graceful shutdown complete
2025-03-20T20:19:41.050-04:00  INFO 8508 --- [employee-management] [SpringApplicationShutdownHook] j.LocalContainerEntityManagerFactoryBean : Closing JPA EntityManagerFactory for persistence unit 'default'
2025-03-20T20:19:41.052-04:00  INFO 8508 --- [employee-management] [SpringApplicationShutdownHook] com.zaxxer.hikari.HikariDataSource       : HikariPool-1 - Shutdown initiated...
2025-03-20T20:19:41.054-04:00  INFO 8508 --- [employee-management] [SpringApplicationShutdownHook] com.zaxxer.hikari.HikariDataSource       : HikariPool-1 - Shutdown completed.
